{"C:\\Users\\Bradley\\Desktop\\Dandle-App\\Dandle-Frontend\\assets\\how_it_works.mp4": {"path":"C:\\Users\\Bradley\\Desktop\\Dandle-App\\Dandle-Frontend\\assets\\how_it_works.mp4","statementMap":{"0":{"start":{"line":1,"column":0},"end":{"line":1,"column":19}}},"fnMap":{},"branchMap":{},"s":{"0":1},"f":{},"b":{},"inputSourceMap":null,"_coverageSchema":"1a1c01bbd47fc00a2c39e90264f33305004495a9","hash":"214d85dbea6d41ca8e5d54ce00f8ab96bf54be97"}
,"C:\\Users\\Bradley\\Desktop\\Dandle-App\\Dandle-Frontend\\assets\\logo_red.png": {"path":"C:\\Users\\Bradley\\Desktop\\Dandle-App\\Dandle-Frontend\\assets\\logo_red.png","statementMap":{"0":{"start":{"line":1,"column":0},"end":{"line":1,"column":19}}},"fnMap":{},"branchMap":{},"s":{"0":2},"f":{},"b":{},"inputSourceMap":null,"_coverageSchema":"1a1c01bbd47fc00a2c39e90264f33305004495a9","hash":"275e40756a750436d5e613440dd05572f95a58e0"}
,"C:\\Users\\Bradley\\Desktop\\Dandle-App\\Dandle-Frontend\\assets\\logo_silv.png": {"path":"C:\\Users\\Bradley\\Desktop\\Dandle-App\\Dandle-Frontend\\assets\\logo_silv.png","statementMap":{"0":{"start":{"line":1,"column":0},"end":{"line":1,"column":19}}},"fnMap":{},"branchMap":{},"s":{"0":1},"f":{},"b":{},"inputSourceMap":null,"_coverageSchema":"1a1c01bbd47fc00a2c39e90264f33305004495a9","hash":"d61dd77af3efdc17a84ea303d0f4e1745117ff09"}
,"C:\\Users\\Bradley\\Desktop\\Dandle-App\\Dandle-Frontend\\components\\atoms\\Atoms.js": {"path":"C:\\Users\\Bradley\\Desktop\\Dandle-App\\Dandle-Frontend\\components\\atoms\\Atoms.js","statementMap":{"0":{"start":{"line":7,"column":42},"end":{"line":7,"column":48}},"1":{"start":{"line":10,"column":30},"end":{"line":18,"column":1}},"2":{"start":{"line":21,"column":32},"end":{"line":27,"column":1}},"3":{"start":{"line":28,"column":22},"end":{"line":33,"column":1}},"4":{"start":{"line":32,"column":22},"end":{"line":32,"column":63}},"5":{"start":{"line":36,"column":25},"end":{"line":43,"column":1}},"6":{"start":{"line":44,"column":24},"end":{"line":48,"column":1}},"7":{"start":{"line":51,"column":24},"end":{"line":56,"column":1}}},"fnMap":{"0":{"name":"(anonymous_0)","decl":{"start":{"line":32,"column":11},"end":{"line":32,"column":12}},"loc":{"start":{"line":32,"column":22},"end":{"line":32,"column":63}},"line":32}},"branchMap":{"0":{"loc":{"start":{"line":32,"column":22},"end":{"line":32,"column":63}},"type":"cond-expr","locations":[{"start":{"line":32,"column":48},"end":{"line":32,"column":55}},{"start":{"line":32,"column":58},"end":{"line":32,"column":63}}],"line":32}},"s":{"0":2,"1":2,"2":2,"3":2,"4":0,"5":2,"6":2,"7":2},"f":{"0":0},"b":{"0":[0,0]},"_coverageSchema":"1a1c01bbd47fc00a2c39e90264f33305004495a9","hash":"c62cb0152bc23031324c62e6e88c2554d6df80b1"}
,"C:\\Users\\Bradley\\Desktop\\Dandle-App\\Dandle-Frontend\\components\\molecules\\Molecules.js": {"path":"C:\\Users\\Bradley\\Desktop\\Dandle-App\\Dandle-Frontend\\components\\molecules\\Molecules.js","statementMap":{"0":{"start":{"line":10,"column":42},"end":{"line":10,"column":48}},"1":{"start":{"line":14,"column":30},"end":{"line":25,"column":1}},"2":{"start":{"line":15,"column":2},"end":{"line":24,"column":4}},"3":{"start":{"line":20,"column":47},"end":{"line":20,"column":77}},"4":{"start":{"line":27,"column":25},"end":{"line":46,"column":1}},"5":{"start":{"line":28,"column":61},"end":{"line":28,"column":66}},"6":{"start":{"line":30,"column":2},"end":{"line":45,"column":4}}},"fnMap":{"0":{"name":"(anonymous_0)","decl":{"start":{"line":14,"column":30},"end":{"line":14,"column":31}},"loc":{"start":{"line":14,"column":102},"end":{"line":25,"column":1}},"line":14},"1":{"name":"(anonymous_1)","decl":{"start":{"line":20,"column":41},"end":{"line":20,"column":42}},"loc":{"start":{"line":20,"column":47},"end":{"line":20,"column":77}},"line":20},"2":{"name":"(anonymous_2)","decl":{"start":{"line":27,"column":25},"end":{"line":27,"column":26}},"loc":{"start":{"line":27,"column":38},"end":{"line":46,"column":1}},"line":27}},"branchMap":{"0":{"loc":{"start":{"line":20,"column":7},"end":{"line":22,"column":18}},"type":"binary-expr","locations":[{"start":{"line":20,"column":7},"end":{"line":20,"column":17}},{"start":{"line":20,"column":21},"end":{"line":22,"column":18}}],"line":20},"1":{"loc":{"start":{"line":21,"column":24},"end":{"line":21,"column":57}},"type":"cond-expr","locations":[{"start":{"line":21,"column":39},"end":{"line":21,"column":44}},{"start":{"line":21,"column":45},"end":{"line":21,"column":57}}],"line":21}},"s":{"0":1,"1":1,"2":11,"3":0,"4":1,"5":0,"6":0},"f":{"0":11,"1":0,"2":0},"b":{"0":[11,2],"1":[2,0]},"_coverageSchema":"1a1c01bbd47fc00a2c39e90264f33305004495a9","hash":"552610a5f9471732aa8256575518f5a86513f02e"}
,"C:\\Users\\Bradley\\Desktop\\Dandle-App\\Dandle-Frontend\\components\\organisms\\KeyboardAvoidingWrapper.js": {"path":"C:\\Users\\Bradley\\Desktop\\Dandle-App\\Dandle-Frontend\\components\\organisms\\KeyboardAvoidingWrapper.js","statementMap":{"0":{"start":{"line":4,"column":32},"end":{"line":14,"column":1}},"1":{"start":{"line":5,"column":4},"end":{"line":13,"column":5}}},"fnMap":{"0":{"name":"(anonymous_0)","decl":{"start":{"line":4,"column":32},"end":{"line":4,"column":33}},"loc":{"start":{"line":4,"column":43},"end":{"line":14,"column":1}},"line":4}},"branchMap":{},"s":{"0":1,"1":1},"f":{"0":1},"b":{},"_coverageSchema":"1a1c01bbd47fc00a2c39e90264f33305004495a9","hash":"75ad0437bcb1c725babdd0791b32f117cecce951"}
,"C:\\Users\\Bradley\\Desktop\\Dandle-App\\Dandle-Frontend\\components\\organisms\\Organisms.js": {"path":"C:\\Users\\Bradley\\Desktop\\Dandle-App\\Dandle-Frontend\\components\\organisms\\Organisms.js","statementMap":{"0":{"start":{"line":6,"column":30},"end":{"line":11,"column":1}},"1":{"start":{"line":7,"column":37},"end":{"line":10,"column":5}}},"fnMap":{"0":{"name":"(anonymous_0)","decl":{"start":{"line":7,"column":4},"end":{"line":7,"column":5}},"loc":{"start":{"line":7,"column":37},"end":{"line":10,"column":5}},"line":7}},"branchMap":{"0":{"loc":{"start":{"line":9,"column":22},"end":{"line":9,"column":45}},"type":"binary-expr","locations":[{"start":{"line":9,"column":22},"end":{"line":9,"column":29}},{"start":{"line":9,"column":33},"end":{"line":9,"column":45}}],"line":9}},"s":{"0":1,"1":1},"f":{"0":1},"b":{"0":[1,1]},"_coverageSchema":"1a1c01bbd47fc00a2c39e90264f33305004495a9","hash":"24ad9f75de93d12a99b35905c69fc849a5309061"}
,"C:\\Users\\Bradley\\Desktop\\Dandle-App\\Dandle-Frontend\\screens\\OrgSignUp.js": {"path":"C:\\Users\\Bradley\\Desktop\\Dandle-App\\Dandle-Frontend\\screens\\OrgSignUp.js","statementMap":{"0":{"start":{"line":15,"column":17},"end":{"line":15,"column":50}},"1":{"start":{"line":18,"column":18},"end":{"line":153,"column":1}},"2":{"start":{"line":19,"column":2},"end":{"line":19,"column":45}},"3":{"start":{"line":20,"column":2},"end":{"line":20,"column":63}},"4":{"start":{"line":21,"column":2},"end":{"line":21,"column":57}},"5":{"start":{"line":22,"column":2},"end":{"line":22,"column":71}},"6":{"start":{"line":24,"column":23},"end":{"line":32,"column":3}},"7":{"start":{"line":26,"column":4},"end":{"line":26,"column":24}},"8":{"start":{"line":27,"column":16},"end":{"line":27,"column":55}},"9":{"start":{"line":28,"column":4},"end":{"line":31,"column":6}},"10":{"start":{"line":30,"column":8},"end":{"line":30,"column":25}},"11":{"start":{"line":33,"column":2},"end":{"line":152,"column":4}},"12":{"start":{"line":53,"column":20},"end":{"line":53,"column":53}},"13":{"start":{"line":54,"column":20},"end":{"line":54,"column":41}},"14":{"start":{"line":59,"column":28},"end":{"line":145,"column":45}}},"fnMap":{"0":{"name":"(anonymous_0)","decl":{"start":{"line":18,"column":18},"end":{"line":18,"column":19}},"loc":{"start":{"line":18,"column":36},"end":{"line":153,"column":1}},"line":18},"1":{"name":"(anonymous_1)","decl":{"start":{"line":24,"column":23},"end":{"line":24,"column":24}},"loc":{"start":{"line":24,"column":35},"end":{"line":32,"column":3}},"line":24},"2":{"name":"(anonymous_2)","decl":{"start":{"line":29,"column":10},"end":{"line":29,"column":11}},"loc":{"start":{"line":29,"column":17},"end":{"line":31,"column":5}},"line":29},"3":{"name":"(anonymous_3)","decl":{"start":{"line":52,"column":30},"end":{"line":52,"column":31}},"loc":{"start":{"line":52,"column":42},"end":{"line":55,"column":21}},"line":52},"4":{"name":"(anonymous_4)","decl":{"start":{"line":58,"column":24},"end":{"line":58,"column":25}},"loc":{"start":{"line":59,"column":28},"end":{"line":145,"column":45}},"line":59}},"branchMap":{},"s":{"0":1,"1":1,"2":1,"3":1,"4":1,"5":1,"6":1,"7":0,"8":0,"9":0,"10":0,"11":1,"12":0,"13":0,"14":1},"f":{"0":1,"1":0,"2":0,"3":0,"4":1},"b":{},"_coverageSchema":"1a1c01bbd47fc00a2c39e90264f33305004495a9","hash":"2c0e942a3cca890bd33387f9aed1f9ca8ca07b1b"}
,"C:\\Users\\Bradley\\Desktop\\Dandle-App\\Dandle-Frontend\\screens\\Welcome.js": {"path":"C:\\Users\\Bradley\\Desktop\\Dandle-App\\Dandle-Frontend\\screens\\Welcome.js","statementMap":{"0":{"start":{"line":14,"column":17},"end":{"line":14,"column":51}},"1":{"start":{"line":15,"column":21},"end":{"line":15,"column":54}},"2":{"start":{"line":16,"column":21},"end":{"line":16,"column":58}},"3":{"start":{"line":18,"column":16},"end":{"line":65,"column":1}},"4":{"start":{"line":19,"column":2},"end":{"line":64,"column":4}},"5":{"start":{"line":30,"column":25},"end":{"line":30,"column":54}},"6":{"start":{"line":36,"column":33},"end":{"line":36,"column":65}},"7":{"start":{"line":53,"column":25},"end":{"line":53,"column":54}},"8":{"start":{"line":58,"column":33},"end":{"line":58,"column":65}}},"fnMap":{"0":{"name":"(anonymous_0)","decl":{"start":{"line":18,"column":16},"end":{"line":18,"column":17}},"loc":{"start":{"line":18,"column":34},"end":{"line":65,"column":1}},"line":18},"1":{"name":"(anonymous_1)","decl":{"start":{"line":30,"column":21},"end":{"line":30,"column":22}},"loc":{"start":{"line":30,"column":25},"end":{"line":30,"column":54}},"line":30},"2":{"name":"(anonymous_2)","decl":{"start":{"line":36,"column":29},"end":{"line":36,"column":30}},"loc":{"start":{"line":36,"column":33},"end":{"line":36,"column":65}},"line":36},"3":{"name":"(anonymous_3)","decl":{"start":{"line":53,"column":21},"end":{"line":53,"column":22}},"loc":{"start":{"line":53,"column":25},"end":{"line":53,"column":54}},"line":53},"4":{"name":"(anonymous_4)","decl":{"start":{"line":58,"column":29},"end":{"line":58,"column":30}},"loc":{"start":{"line":58,"column":33},"end":{"line":58,"column":65}},"line":58}},"branchMap":{},"s":{"0":1,"1":1,"2":1,"3":1,"4":1,"5":0,"6":0,"7":0,"8":0},"f":{"0":1,"1":0,"2":0,"3":0,"4":0},"b":{},"_coverageSchema":"1a1c01bbd47fc00a2c39e90264f33305004495a9","hash":"d75979c0f5bae67483bc3f6f74a0c3f7cb6ce866"}
,"C:\\Users\\Bradley\\Desktop\\Dandle-App\\Dandle-Frontend\\styles\\styles.js": {"path":"C:\\Users\\Bradley\\Desktop\\Dandle-App\\Dandle-Frontend\\styles\\styles.js","statementMap":{"0":{"start":{"line":5,"column":26},"end":{"line":5,"column":56}},"1":{"start":{"line":7,"column":22},"end":{"line":15,"column":1}},"2":{"start":{"line":17,"column":49},"end":{"line":17,"column":55}},"3":{"start":{"line":20,"column":31},"end":{"line":25,"column":1}},"4":{"start":{"line":26,"column":30},"end":{"line":31,"column":1}},"5":{"start":{"line":32,"column":30},"end":{"line":37,"column":1}},"6":{"start":{"line":38,"column":31},"end":{"line":43,"column":1}},"7":{"start":{"line":44,"column":28},"end":{"line":50,"column":1}},"8":{"start":{"line":45,"column":19},"end":{"line":49,"column":5}},"9":{"start":{"line":51,"column":22},"end":{"line":53,"column":1}},"10":{"start":{"line":54,"column":32},"end":{"line":61,"column":1}},"11":{"start":{"line":63,"column":27},"end":{"line":65,"column":1}},"12":{"start":{"line":66,"column":28},"end":{"line":68,"column":1}},"13":{"start":{"line":69,"column":27},"end":{"line":71,"column":1}},"14":{"start":{"line":73,"column":23},"end":{"line":78,"column":1}},"15":{"start":{"line":79,"column":25},"end":{"line":83,"column":1}},"16":{"start":{"line":84,"column":23},"end":{"line":90,"column":1}},"17":{"start":{"line":91,"column":23},"end":{"line":95,"column":1}},"18":{"start":{"line":96,"column":25},"end":{"line":101,"column":1}},"19":{"start":{"line":102,"column":24},"end":{"line":107,"column":1}},"20":{"start":{"line":109,"column":23},"end":{"line":112,"column":1}},"21":{"start":{"line":113,"column":26},"end":{"line":116,"column":1}},"22":{"start":{"line":118,"column":28},"end":{"line":127,"column":2}},"23":{"start":{"line":119,"column":31},"end":{"line":127,"column":1}},"24":{"start":{"line":128,"column":26},"end":{"line":136,"column":1}}},"fnMap":{"0":{"name":"(anonymous_0)","decl":{"start":{"line":45,"column":4},"end":{"line":45,"column":5}},"loc":{"start":{"line":45,"column":19},"end":{"line":49,"column":5}},"line":45},"1":{"name":"(anonymous_1)","decl":{"start":{"line":119,"column":4},"end":{"line":119,"column":5}},"loc":{"start":{"line":119,"column":31},"end":{"line":127,"column":1}},"line":119}},"branchMap":{},"s":{"0":2,"1":2,"2":2,"3":2,"4":2,"5":2,"6":2,"7":2,"8":3,"9":2,"10":2,"11":2,"12":2,"13":2,"14":2,"15":2,"16":2,"17":2,"18":2,"19":2,"20":2,"21":2,"22":2,"23":5,"24":2},"f":{"0":3,"1":5},"b":{},"_coverageSchema":"1a1c01bbd47fc00a2c39e90264f33305004495a9","hash":"a10d4fed59e0915bb938295becbe7d543cdea656"}
}
