{"C:\\Users\\Gregd\\Documents\\GitHub\\Dandle-Frontend\\assets\\how_it_works.mp4": {"path":"C:\\Users\\Gregd\\Documents\\GitHub\\Dandle-Frontend\\assets\\how_it_works.mp4","statementMap":{"0":{"start":{"line":1,"column":0},"end":{"line":1,"column":19}}},"fnMap":{},"branchMap":{},"s":{"0":1},"f":{},"b":{},"inputSourceMap":null,"_coverageSchema":"1a1c01bbd47fc00a2c39e90264f33305004495a9","hash":"2f6cdef59764758753d8eb65aee8355d9d503c21"}
,"C:\\Users\\Gregd\\Documents\\GitHub\\Dandle-Frontend\\assets\\logo_red.png": {"path":"C:\\Users\\Gregd\\Documents\\GitHub\\Dandle-Frontend\\assets\\logo_red.png","statementMap":{"0":{"start":{"line":1,"column":0},"end":{"line":1,"column":19}}},"fnMap":{},"branchMap":{},"s":{"0":2},"f":{},"b":{},"inputSourceMap":null,"_coverageSchema":"1a1c01bbd47fc00a2c39e90264f33305004495a9","hash":"4f3737119a352ed510c1c8289fef43747aabffdd"}
,"C:\\Users\\Gregd\\Documents\\GitHub\\Dandle-Frontend\\assets\\logo_silv.png": {"path":"C:\\Users\\Gregd\\Documents\\GitHub\\Dandle-Frontend\\assets\\logo_silv.png","statementMap":{"0":{"start":{"line":1,"column":0},"end":{"line":1,"column":19}}},"fnMap":{},"branchMap":{},"s":{"0":1},"f":{},"b":{},"inputSourceMap":null,"_coverageSchema":"1a1c01bbd47fc00a2c39e90264f33305004495a9","hash":"ab248f9e3be47e8d1e39072c2aa25685f06736e6"}
,"C:\\Users\\Gregd\\Documents\\GitHub\\Dandle-Frontend\\components\\atoms\\Atoms.js": {"path":"C:\\Users\\Gregd\\Documents\\GitHub\\Dandle-Frontend\\components\\atoms\\Atoms.js","statementMap":{"0":{"start":{"line":7,"column":42},"end":{"line":7,"column":48}},"1":{"start":{"line":10,"column":30},"end":{"line":18,"column":1}},"2":{"start":{"line":21,"column":32},"end":{"line":27,"column":1}},"3":{"start":{"line":28,"column":22},"end":{"line":33,"column":1}},"4":{"start":{"line":32,"column":22},"end":{"line":32,"column":63}},"5":{"start":{"line":36,"column":25},"end":{"line":43,"column":1}},"6":{"start":{"line":44,"column":24},"end":{"line":48,"column":1}},"7":{"start":{"line":51,"column":24},"end":{"line":56,"column":1}}},"fnMap":{"0":{"name":"(anonymous_0)","decl":{"start":{"line":32,"column":11},"end":{"line":32,"column":12}},"loc":{"start":{"line":32,"column":22},"end":{"line":32,"column":63}},"line":32}},"branchMap":{"0":{"loc":{"start":{"line":32,"column":22},"end":{"line":32,"column":63}},"type":"cond-expr","locations":[{"start":{"line":32,"column":48},"end":{"line":32,"column":55}},{"start":{"line":32,"column":58},"end":{"line":32,"column":63}}],"line":32}},"s":{"0":4,"1":4,"2":4,"3":4,"4":2,"5":4,"6":4,"7":4},"f":{"0":2},"b":{"0":[1,1]},"_coverageSchema":"1a1c01bbd47fc00a2c39e90264f33305004495a9","hash":"0e372589c7a32d47237e0d8125b282c40a17ada5"}
,"C:\\Users\\Gregd\\Documents\\GitHub\\Dandle-Frontend\\components\\molecules\\Molecules.js": {"path":"C:\\Users\\Gregd\\Documents\\GitHub\\Dandle-Frontend\\components\\molecules\\Molecules.js","statementMap":{"0":{"start":{"line":10,"column":66},"end":{"line":10,"column":72}},"1":{"start":{"line":14,"column":30},"end":{"line":25,"column":1}},"2":{"start":{"line":15,"column":2},"end":{"line":24,"column":4}},"3":{"start":{"line":20,"column":47},"end":{"line":20,"column":77}},"4":{"start":{"line":27,"column":25},"end":{"line":52,"column":1}},"5":{"start":{"line":28,"column":111},"end":{"line":28,"column":116}},"6":{"start":{"line":30,"column":2},"end":{"line":51,"column":4}}},"fnMap":{"0":{"name":"(anonymous_0)","decl":{"start":{"line":14,"column":30},"end":{"line":14,"column":31}},"loc":{"start":{"line":14,"column":102},"end":{"line":25,"column":1}},"line":14},"1":{"name":"(anonymous_1)","decl":{"start":{"line":20,"column":41},"end":{"line":20,"column":42}},"loc":{"start":{"line":20,"column":47},"end":{"line":20,"column":77}},"line":20},"2":{"name":"(anonymous_2)","decl":{"start":{"line":27,"column":25},"end":{"line":27,"column":26}},"loc":{"start":{"line":27,"column":38},"end":{"line":52,"column":1}},"line":27}},"branchMap":{"0":{"loc":{"start":{"line":20,"column":7},"end":{"line":22,"column":18}},"type":"binary-expr","locations":[{"start":{"line":20,"column":7},"end":{"line":20,"column":17}},{"start":{"line":20,"column":21},"end":{"line":22,"column":18}}],"line":20},"1":{"loc":{"start":{"line":21,"column":24},"end":{"line":21,"column":57}},"type":"cond-expr","locations":[{"start":{"line":21,"column":39},"end":{"line":21,"column":44}},{"start":{"line":21,"column":45},"end":{"line":21,"column":57}}],"line":21}},"s":{"0":2,"1":2,"2":15,"3":0,"4":2,"5":1,"6":1},"f":{"0":15,"1":0,"2":1},"b":{"0":[15,5],"1":[3,2]},"_coverageSchema":"1a1c01bbd47fc00a2c39e90264f33305004495a9","hash":"ecf32d1986b60fb9d522ce7fea771c4db52881b4"}
,"C:\\Users\\Gregd\\Documents\\GitHub\\Dandle-Frontend\\components\\organisms\\KeyboardAvoidingWrapper.js": {"path":"C:\\Users\\Gregd\\Documents\\GitHub\\Dandle-Frontend\\components\\organisms\\KeyboardAvoidingWrapper.js","statementMap":{"0":{"start":{"line":4,"column":32},"end":{"line":14,"column":1}},"1":{"start":{"line":5,"column":4},"end":{"line":13,"column":5}}},"fnMap":{"0":{"name":"(anonymous_0)","decl":{"start":{"line":4,"column":32},"end":{"line":4,"column":33}},"loc":{"start":{"line":4,"column":43},"end":{"line":14,"column":1}},"line":4}},"branchMap":{},"s":{"0":1,"1":1},"f":{"0":1},"b":{},"_coverageSchema":"1a1c01bbd47fc00a2c39e90264f33305004495a9","hash":"7d3f4e759365bbb84abadd405fe05c3839df2d7d"}
,"C:\\Users\\Gregd\\Documents\\GitHub\\Dandle-Frontend\\components\\organisms\\Organisms.js": {"path":"C:\\Users\\Gregd\\Documents\\GitHub\\Dandle-Frontend\\components\\organisms\\Organisms.js","statementMap":{"0":{"start":{"line":6,"column":30},"end":{"line":11,"column":1}},"1":{"start":{"line":7,"column":37},"end":{"line":10,"column":5}}},"fnMap":{"0":{"name":"(anonymous_0)","decl":{"start":{"line":7,"column":4},"end":{"line":7,"column":5}},"loc":{"start":{"line":7,"column":37},"end":{"line":10,"column":5}},"line":7}},"branchMap":{"0":{"loc":{"start":{"line":9,"column":22},"end":{"line":9,"column":45}},"type":"binary-expr","locations":[{"start":{"line":9,"column":22},"end":{"line":9,"column":29}},{"start":{"line":9,"column":33},"end":{"line":9,"column":45}}],"line":9}},"s":{"0":1,"1":1},"f":{"0":1},"b":{"0":[1,1]},"_coverageSchema":"1a1c01bbd47fc00a2c39e90264f33305004495a9","hash":"abffb9817e4b8b5e8ad4f800c7819256024916f2"}
,"C:\\Users\\Gregd\\Documents\\GitHub\\Dandle-Frontend\\screens\\OrgSignUp.js": {"path":"C:\\Users\\Gregd\\Documents\\GitHub\\Dandle-Frontend\\screens\\OrgSignUp.js","statementMap":{"0":{"start":{"line":15,"column":17},"end":{"line":15,"column":50}},"1":{"start":{"line":18,"column":18},"end":{"line":153,"column":1}},"2":{"start":{"line":19,"column":2},"end":{"line":19,"column":45}},"3":{"start":{"line":20,"column":2},"end":{"line":20,"column":63}},"4":{"start":{"line":21,"column":2},"end":{"line":21,"column":57}},"5":{"start":{"line":22,"column":2},"end":{"line":22,"column":71}},"6":{"start":{"line":24,"column":23},"end":{"line":32,"column":3}},"7":{"start":{"line":26,"column":4},"end":{"line":26,"column":24}},"8":{"start":{"line":27,"column":16},"end":{"line":27,"column":55}},"9":{"start":{"line":28,"column":4},"end":{"line":31,"column":6}},"10":{"start":{"line":30,"column":8},"end":{"line":30,"column":25}},"11":{"start":{"line":33,"column":2},"end":{"line":152,"column":4}},"12":{"start":{"line":53,"column":20},"end":{"line":53,"column":53}},"13":{"start":{"line":54,"column":20},"end":{"line":54,"column":41}},"14":{"start":{"line":59,"column":28},"end":{"line":145,"column":45}}},"fnMap":{"0":{"name":"(anonymous_0)","decl":{"start":{"line":18,"column":18},"end":{"line":18,"column":19}},"loc":{"start":{"line":18,"column":36},"end":{"line":153,"column":1}},"line":18},"1":{"name":"(anonymous_1)","decl":{"start":{"line":24,"column":23},"end":{"line":24,"column":24}},"loc":{"start":{"line":24,"column":35},"end":{"line":32,"column":3}},"line":24},"2":{"name":"(anonymous_2)","decl":{"start":{"line":29,"column":10},"end":{"line":29,"column":11}},"loc":{"start":{"line":29,"column":17},"end":{"line":31,"column":5}},"line":29},"3":{"name":"(anonymous_3)","decl":{"start":{"line":52,"column":30},"end":{"line":52,"column":31}},"loc":{"start":{"line":52,"column":42},"end":{"line":55,"column":21}},"line":52},"4":{"name":"(anonymous_4)","decl":{"start":{"line":58,"column":24},"end":{"line":58,"column":25}},"loc":{"start":{"line":59,"column":28},"end":{"line":145,"column":45}},"line":59}},"branchMap":{},"s":{"0":1,"1":1,"2":1,"3":1,"4":1,"5":1,"6":1,"7":0,"8":0,"9":0,"10":0,"11":1,"12":0,"13":0,"14":1},"f":{"0":1,"1":0,"2":0,"3":0,"4":1},"b":{},"_coverageSchema":"1a1c01bbd47fc00a2c39e90264f33305004495a9","hash":"b42e2c0da8ed8e406bdc06b14fa7e15f8ea53f6b"}
,"C:\\Users\\Gregd\\Documents\\GitHub\\Dandle-Frontend\\screens\\Welcome.js": {"path":"C:\\Users\\Gregd\\Documents\\GitHub\\Dandle-Frontend\\screens\\Welcome.js","statementMap":{"0":{"start":{"line":14,"column":17},"end":{"line":14,"column":51}},"1":{"start":{"line":15,"column":21},"end":{"line":15,"column":54}},"2":{"start":{"line":16,"column":21},"end":{"line":16,"column":58}},"3":{"start":{"line":18,"column":16},"end":{"line":65,"column":1}},"4":{"start":{"line":19,"column":2},"end":{"line":64,"column":4}},"5":{"start":{"line":30,"column":25},"end":{"line":30,"column":54}},"6":{"start":{"line":36,"column":33},"end":{"line":36,"column":65}},"7":{"start":{"line":53,"column":25},"end":{"line":53,"column":54}},"8":{"start":{"line":58,"column":33},"end":{"line":58,"column":65}}},"fnMap":{"0":{"name":"(anonymous_0)","decl":{"start":{"line":18,"column":16},"end":{"line":18,"column":17}},"loc":{"start":{"line":18,"column":34},"end":{"line":65,"column":1}},"line":18},"1":{"name":"(anonymous_1)","decl":{"start":{"line":30,"column":21},"end":{"line":30,"column":22}},"loc":{"start":{"line":30,"column":25},"end":{"line":30,"column":54}},"line":30},"2":{"name":"(anonymous_2)","decl":{"start":{"line":36,"column":29},"end":{"line":36,"column":30}},"loc":{"start":{"line":36,"column":33},"end":{"line":36,"column":65}},"line":36},"3":{"name":"(anonymous_3)","decl":{"start":{"line":53,"column":21},"end":{"line":53,"column":22}},"loc":{"start":{"line":53,"column":25},"end":{"line":53,"column":54}},"line":53},"4":{"name":"(anonymous_4)","decl":{"start":{"line":58,"column":29},"end":{"line":58,"column":30}},"loc":{"start":{"line":58,"column":33},"end":{"line":58,"column":65}},"line":58}},"branchMap":{},"s":{"0":1,"1":1,"2":1,"3":1,"4":1,"5":0,"6":0,"7":0,"8":0},"f":{"0":1,"1":0,"2":0,"3":0,"4":0},"b":{},"_coverageSchema":"1a1c01bbd47fc00a2c39e90264f33305004495a9","hash":"aa65d005fab646f15506c0af66cf33e83e2b1c1a"}
,"C:\\Users\\Gregd\\Documents\\GitHub\\Dandle-Frontend\\styles\\styles.js": {"path":"C:\\Users\\Gregd\\Documents\\GitHub\\Dandle-Frontend\\styles\\styles.js","statementMap":{"0":{"start":{"line":5,"column":26},"end":{"line":5,"column":56}},"1":{"start":{"line":7,"column":22},"end":{"line":19,"column":1}},"2":{"start":{"line":21,"column":49},"end":{"line":21,"column":55}},"3":{"start":{"line":24,"column":31},"end":{"line":29,"column":1}},"4":{"start":{"line":30,"column":30},"end":{"line":35,"column":1}},"5":{"start":{"line":36,"column":30},"end":{"line":41,"column":1}},"6":{"start":{"line":42,"column":31},"end":{"line":47,"column":1}},"7":{"start":{"line":48,"column":28},"end":{"line":54,"column":1}},"8":{"start":{"line":49,"column":19},"end":{"line":53,"column":5}},"9":{"start":{"line":55,"column":22},"end":{"line":57,"column":1}},"10":{"start":{"line":58,"column":32},"end":{"line":66,"column":1}},"11":{"start":{"line":68,"column":27},"end":{"line":70,"column":1}},"12":{"start":{"line":71,"column":28},"end":{"line":73,"column":1}},"13":{"start":{"line":74,"column":27},"end":{"line":76,"column":1}},"14":{"start":{"line":78,"column":23},"end":{"line":83,"column":1}},"15":{"start":{"line":84,"column":25},"end":{"line":88,"column":1}},"16":{"start":{"line":89,"column":23},"end":{"line":95,"column":1}},"17":{"start":{"line":96,"column":23},"end":{"line":100,"column":1}},"18":{"start":{"line":101,"column":25},"end":{"line":106,"column":1}},"19":{"start":{"line":107,"column":24},"end":{"line":112,"column":1}},"20":{"start":{"line":114,"column":23},"end":{"line":117,"column":1}},"21":{"start":{"line":118,"column":26},"end":{"line":121,"column":1}},"22":{"start":{"line":123,"column":28},"end":{"line":132,"column":2}},"23":{"start":{"line":124,"column":31},"end":{"line":132,"column":1}},"24":{"start":{"line":133,"column":26},"end":{"line":141,"column":1}}},"fnMap":{"0":{"name":"(anonymous_0)","decl":{"start":{"line":49,"column":4},"end":{"line":49,"column":5}},"loc":{"start":{"line":49,"column":19},"end":{"line":53,"column":5}},"line":49},"1":{"name":"(anonymous_1)","decl":{"start":{"line":124,"column":4},"end":{"line":124,"column":5}},"loc":{"start":{"line":124,"column":31},"end":{"line":132,"column":1}},"line":124}},"branchMap":{},"s":{"0":4,"1":4,"2":4,"3":4,"4":4,"5":4,"6":4,"7":4,"8":3,"9":4,"10":4,"11":4,"12":4,"13":4,"14":4,"15":4,"16":4,"17":4,"18":4,"19":4,"20":4,"21":4,"22":4,"23":6,"24":4},"f":{"0":3,"1":6},"b":{},"_coverageSchema":"1a1c01bbd47fc00a2c39e90264f33305004495a9","hash":"064832315096ef0781e5c38c4a39239ff91aa708"}
}
