TN:
SF:assets\how_it_works.mp4
FNF:0
FNH:0
DA:1,1
LF:1
LH:1
BRF:0
BRH:0
end_of_record
TN:
SF:assets\logo_red.png
FNF:0
FNH:0
DA:1,2
LF:1
LH:1
BRF:0
BRH:0
end_of_record
TN:
SF:assets\logo_silv.png
FNF:0
FNH:0
DA:1,1
LF:1
LH:1
BRF:0
BRH:0
end_of_record
TN:
SF:components\atoms\Atoms.js
FN:32,(anonymous_0)
FNF:1
FNH:1
FNDA:2,(anonymous_0)
DA:7,4
DA:10,4
DA:21,4
DA:28,4
DA:32,2
DA:36,4
DA:44,4
DA:51,4
LF:8
LH:8
BRDA:32,0,0,1
BRDA:32,0,1,1
BRF:2
BRH:2
end_of_record
TN:
SF:components\molecules\Molecules.js
FN:14,(anonymous_0)
FN:20,(anonymous_1)
FN:27,(anonymous_2)
FNF:3
FNH:2
FNDA:15,(anonymous_0)
FNDA:0,(anonymous_1)
FNDA:1,(anonymous_2)
DA:10,2
DA:14,2
DA:15,15
DA:20,0
DA:27,2
DA:28,1
DA:30,1
LF:7
LH:6
BRDA:20,0,0,15
BRDA:20,0,1,5
BRDA:21,1,0,3
BRDA:21,1,1,2
BRF:4
BRH:4
end_of_record
TN:
SF:components\organisms\KeyboardAvoidingWrapper.js
FN:4,(anonymous_0)
FNF:1
FNH:1
FNDA:1,(anonymous_0)
DA:4,1
DA:5,1
LF:2
LH:2
BRF:0
BRH:0
end_of_record
TN:
SF:components\organisms\Organisms.js
FN:7,(anonymous_0)
FNF:1
FNH:1
FNDA:1,(anonymous_0)
DA:6,1
DA:7,1
LF:2
LH:2
BRDA:9,0,0,1
BRDA:9,0,1,1
BRF:2
BRH:2
end_of_record
TN:
SF:screens\OrgSignUp.js
FN:18,(anonymous_0)
FN:24,(anonymous_1)
FN:29,(anonymous_2)
FN:52,(anonymous_3)
FN:58,(anonymous_4)
FNF:5
FNH:2
FNDA:1,(anonymous_0)
FNDA:0,(anonymous_1)
FNDA:0,(anonymous_2)
FNDA:0,(anonymous_3)
FNDA:1,(anonymous_4)
DA:15,1
DA:18,1
DA:19,1
DA:20,1
DA:21,1
DA:22,1
DA:24,1
DA:26,0
DA:27,0
DA:28,0
DA:30,0
DA:33,1
DA:53,0
DA:54,0
DA:59,1
LF:15
LH:9
BRF:0
BRH:0
end_of_record
TN:
SF:screens\Welcome.js
FN:18,(anonymous_0)
FN:30,(anonymous_1)
FN:36,(anonymous_2)
FN:53,(anonymous_3)
FN:58,(anonymous_4)
FNF:5
FNH:1
FNDA:1,(anonymous_0)
FNDA:0,(anonymous_1)
FNDA:0,(anonymous_2)
FNDA:0,(anonymous_3)
FNDA:0,(anonymous_4)
DA:14,1
DA:15,1
DA:16,1
DA:18,1
DA:19,1
DA:30,0
DA:36,0
DA:53,0
DA:58,0
LF:9
LH:5
BRF:0
BRH:0
end_of_record
TN:
SF:styles\styles.js
FN:46,(anonymous_0)
FN:121,(anonymous_1)
FNF:2
FNH:2
FNDA:3,(anonymous_0)
FNDA:6,(anonymous_1)
DA:5,4
DA:7,4
DA:18,4
DA:21,4
DA:27,4
DA:33,4
DA:39,4
DA:45,4
DA:46,3
DA:52,4
DA:55,4
DA:65,4
DA:68,4
DA:71,4
DA:75,4
DA:81,4
DA:86,4
DA:93,4
DA:98,4
DA:104,4
DA:111,4
DA:115,4
DA:120,4
DA:121,6
DA:130,4
LF:25
LH:25
BRF:0
BRH:0
end_of_record
